<?xml version="1.0" encoding="UTF-8"?>
<!-- Generated by org.testng.reporters.JUnitReportReporter -->
<testsuite skipped="1" hostname="DESKTOP-81M737A" name="OrderCard.LoginToOpal" tests="2" failures="0" timestamp="12 Sep 2017 13:03:30 GMT" time="0.685" errors="0">
  <testcase name="testLoginToOpal" time="0.685" classname="OrderCard.LoginToOpal"/>
  <testcase name="loginToOpalForAllUsers" classname="OrderCard.LoginToOpal">
    <skipped/>
  </testcase> <!-- loginToOpalForAllUsers -->
</testsuite> <!-- OrderCard.LoginToOpal -->
