<?xml version="1.0" encoding="UTF-8"?>
<!-- Generated by org.testng.reporters.JUnitReportReporter -->
<testsuite skipped="0" hostname="DESKTOP-81M737A" name="TestOpalApp.TestMultipleLoginToOpal" tests="1" failures="0" timestamp="12 Sep 2017 21:03:15 GMT" time="0.809" errors="0">
  <testcase name="loginToOpalForAllUsers" time="0.809" classname="TestOpalApp.TestMultipleLoginToOpal"/>
</testsuite> <!-- TestOpalApp.TestMultipleLoginToOpal -->
