<?xml version="1.0" encoding="UTF-8"?>
<!-- Generated by org.testng.reporters.JUnitReportReporter -->
<testsuite skipped="0" hostname="DESKTOP-81M737A" name="TestOpalApp.TestCreateUser" tests="1" failures="0" timestamp="12 Sep 2017 21:34:36 GMT" time="9.228" errors="0">
  <testcase name="isUserCreated" time="9.228" classname="TestOpalApp.TestCreateUser"/>
</testsuite> <!-- TestOpalApp.TestCreateUser -->
