<?xml version="1.0" encoding="UTF-8"?>
<!-- Generated by org.testng.reporters.JUnitReportReporter -->
<testsuite skipped="0" hostname="DESKTOP-81M737A" name="TestOpalApp.TestCreateUser" tests="1" failures="0" timestamp="12 Sep 2017 16:30:35 GMT" time="13.233" errors="0">
  <testcase name="isUserCreated" time="13.233" classname="TestOpalApp.TestCreateUser"/>
</testsuite> <!-- TestOpalApp.TestCreateUser -->
