<?xml version="1.0" encoding="UTF-8"?>
<!-- Generated by org.testng.reporters.JUnitReportReporter -->
<testsuite skipped="0" hostname="DESKTOP-81M737A" name="TestOpalApp.TestCreateUser" tests="1" failures="0" timestamp="17 Sep 2017 14:22:30 GMT" time="10.259" errors="0">
  <testcase name="isUserCreated" time="10.259" classname="TestOpalApp.TestCreateUser"/>
</testsuite> <!-- TestOpalApp.TestCreateUser -->
