<?xml version="1.0" encoding="UTF-8"?>
<!-- Generated by org.testng.reporters.JUnitReportReporter -->
<testsuite skipped="0" hostname="DESKTOP-81M737A" name="OrderCard.LoginToOpalNew" tests="2" failures="0" timestamp="11 Sep 2017 00:56:17 GMT" time="3.282" errors="0">
  <testcase name="loginToOpal" time="2.575" classname="OrderCard.LoginToOpalNew"/>
  <testcase name="loginToOpalForAllUsers" time="0.707" classname="OrderCard.LoginToOpalNew"/>
</testsuite> <!-- OrderCard.LoginToOpalNew -->
