<?xml version="1.0" encoding="UTF-8"?>
<!-- Generated by org.testng.reporters.JUnitReportReporter -->
<testsuite skipped="0" hostname="DESKTOP-81M737A" name="OrderCard.GetPropertiesNew" tests="1" failures="0" timestamp="02 Sep 2017 23:11:28 GMT" time="0.005" errors="0">
  <testcase name="f" time="0.005" classname="OrderCard.GetPropertiesNew"/>
</testsuite> <!-- OrderCard.GetPropertiesNew -->
